# JRE version: OpenJDK Runtime Environment Temurin-17.0.7+7 (17.0.7+7) (build 17.0.7+7)
# Java VM: OpenJDK 64-Bit Server VM Temurin-17.0.7+7 (17.0.7+7, mixed mode, emulated-client, tiered, compressed oops, compressed class ptrs, g1 gc, windows-amd64)
GC Precious Log:
 CPUs: 4 total, 4 available
 Memory: 8095M
 Large Page Support: Disabled
 NUMA Support: Disabled
 Compressed Oops: Enabled (32-bit)
 Heap Region Size: 1M
 Heap Min Capacity: 8M
 Heap Initial Capacity: 128M
 Heap Max Capacity: 2024M
 Pre-touch: Disabled
 Parallel Workers: 4
 Concurrent Workers: 1
 Concurrent Refinement Workers: 4
 Periodic GC: Disabled
Heap:
 garbage-first heap   total 120832K, used 54831K [0x0000000081800000, 0x0000000100000000)
  region size 1024K, 6 young (6144K), 6 survivors (6144K)
 Metaspace       used 87067K, committed 87680K, reserved 1179648K
  class space    used 12074K, committed 12352K, reserved 1048576K
GC Heap History (20 events):
Event: 14.619 GC heap after
{Heap after GC invocations=19 (full 0):
 garbage-first heap   total 100352K, used 32161K [0x0000000081800000, 0x0000000100000000)
  region size 1024K, 5 young (5120K), 5 survivors (5120K)
 Metaspace       used 50675K, committed 51136K, reserved 1114112K
  class space    used 6670K, committed 6912K, reserved 1048576K
}
Event: 17.438 GC heap before
{Heap before GC invocations=20 (full 0):
 garbage-first heap   total 100352K, used 79265K [0x0000000081800000, 0x0000000100000000)
  region size 1024K, 51 young (52224K), 5 survivors (5120K)
 Metaspace       used 63988K, committed 64512K, reserved 1114112K
  class space    used 8558K, committed 8768K, reserved 1048576K
}
Event: 17.455 GC heap after
{Heap after GC invocations=21 (full 0):
 garbage-first heap   total 100352K, used 35454K [0x0000000081800000, 0x0000000100000000)
  region size 1024K, 7 young (7168K), 7 survivors (7168K)
 Metaspace       used 63988K, committed 64512K, reserved 1114112K
  class space    used 8558K, committed 8768K, reserved 1048576K
}
Event: 19.753 GC heap before
{Heap before GC invocations=22 (full 0):
 garbage-first heap   total 100352K, used 79486K [0x0000000081800000, 0x0000000100000000)
  region size 1024K, 50 young (51200K), 7 survivors (7168K)
 Metaspace       used 74202K, committed 74688K, reserved 1114112K
  class space    used 10156K, committed 10368K, reserved 1048576K
}
Event: 19.772 GC heap after
{Heap after GC invocations=23 (full 0):
 garbage-first heap   total 100352K, used 37501K [0x0000000081800000, 0x0000000100000000)
  region size 1024K, 6 young (6144K), 6 survivors (6144K)
 Metaspace       used 74202K, committed 74688K, reserved 1114112K
  class space    used 10156K, committed 10368K, reserved 1048576K
}
Event: 20.946 GC heap before
{Heap before GC invocations=23 (full 0):
 garbage-first heap   total 100352K, used 80509K [0x0000000081800000, 0x0000000100000000)
  region size 1024K, 48 young (49152K), 6 survivors (6144K)
 Metaspace       used 76775K, committed 77440K, reserved 1179648K
  class space    used 10480K, committed 10816K, reserved 1048576K
}
Event: 20.963 GC heap after
{Heap after GC invocations=24 (full 0):
 garbage-first heap   total 100352K, used 40344K [0x0000000081800000, 0x0000000100000000)
  region size 1024K, 5 young (5120K), 5 survivors (5120K)
 Metaspace       used 76775K, committed 77440K, reserved 1179648K
  class space    used 10480K, committed 10816K, reserved 1048576K
}
Event: 21.955 GC heap before
{Heap before GC invocations=24 (full 0):
 garbage-first heap   total 100352K, used 81304K [0x0000000081800000, 0x0000000100000000)
  region size 1024K, 45 young (46080K), 5 survivors (5120K)
 Metaspace       used 77594K, committed 78208K, reserved 1179648K
  class space    used 10593K, committed 10880K, reserved 1048576K
}
Event: 21.971 GC heap after
{Heap after GC invocations=25 (full 0):
 garbage-first heap   total 100352K, used 41896K [0x0000000081800000, 0x0000000100000000)
  region size 1024K, 5 young (5120K), 5 survivors (5120K)
 Metaspace       used 77594K, committed 78208K, reserved 1179648K
  class space    used 10593K, committed 10880K, reserved 1048576K
}
Event: 22.874 GC heap before
{Heap before GC invocations=25 (full 0):
 garbage-first heap   total 100352K, used 81832K [0x0000000081800000, 0x0000000100000000)
  region size 1024K, 44 young (45056K), 5 survivors (5120K)
 Metaspace       used 78684K, committed 79296K, reserved 1179648K
  class space    used 10748K, committed 11072K, reserved 1048576K
}
Event: 22.892 GC heap after
{Heap after GC invocations=26 (full 0):
 garbage-first heap   total 100352K, used 44134K [0x0000000081800000, 0x0000000100000000)
  region size 1024K, 4 young (4096K), 4 survivors (4096K)
 Metaspace       used 78684K, committed 79296K, reserved 1179648K
  class space    used 10748K, committed 11072K, reserved 1048576K
}
Event: 23.783 GC heap before
{Heap before GC invocations=26 (full 0):
 garbage-first heap   total 100352K, used 82022K [0x0000000081800000, 0x0000000100000000)
  region size 1024K, 41 young (41984K), 4 survivors (4096K)
 Metaspace       used 79193K, committed 79808K, reserved 1179648K
  class space    used 10831K, committed 11136K, reserved 1048576K
}
Event: 23.798 GC heap after
{Heap after GC invocations=27 (full 0):
 garbage-first heap   total 120832K, used 45555K [0x0000000081800000, 0x0000000100000000)
  region size 1024K, 4 young (4096K), 4 survivors (4096K)
 Metaspace       used 79193K, committed 79808K, reserved 1179648K
  class space    used 10831K, committed 11136K, reserved 1048576K
}
Event: 25.269 GC heap before
{Heap before GC invocations=27 (full 0):
 garbage-first heap   total 120832K, used 98803K [0x0000000081800000, 0x0000000100000000)
  region size 1024K, 56 young (57344K), 4 survivors (4096K)
 Metaspace       used 79904K, committed 80448K, reserved 1179648K
  class space    used 10967K, committed 11264K, reserved 1048576K
}
Event: 25.284 GC heap after
{Heap after GC invocations=28 (full 0):
 garbage-first heap   total 120832K, used 47199K [0x0000000081800000, 0x0000000100000000)
  region size 1024K, 6 young (6144K), 6 survivors (6144K)
 Metaspace       used 79904K, committed 80448K, reserved 1179648K
  class space    used 10967K, committed 11264K, reserved 1048576K
}
Event: 26.504 GC heap before
{Heap before GC invocations=28 (full 0):
 garbage-first heap   total 120832K, used 99423K [0x0000000081800000, 0x0000000100000000)
  region size 1024K, 57 young (58368K), 6 survivors (6144K)
 Metaspace       used 81025K, committed 81600K, reserved 1179648K
  class space    used 11155K, committed 11456K, reserved 1048576K
}
Event: 26.525 GC heap after
{Heap after GC invocations=29 (full 0):
 garbage-first heap   total 120832K, used 49124K [0x0000000081800000, 0x0000000100000000)
  region size 1024K, 6 young (6144K), 6 survivors (6144K)
 Metaspace       used 81025K, committed 81600K, reserved 1179648K
  class space    used 11155K, committed 11456K, reserved 1048576K
}
Event: 27.868 GC heap before
{Heap before GC invocations=29 (full 0):
 garbage-first heap   total 120832K, used 100324K [0x0000000081800000, 0x0000000100000000)
  region size 1024K, 56 young (57344K), 6 survivors (6144K)
 Metaspace       used 81711K, committed 82240K, reserved 1179648K
  class space    used 11262K, committed 11520K, reserved 1048576K
}
Event: 27.888 GC heap after
{Heap after GC invocations=30 (full 0):
 garbage-first heap   total 120832K, used 50775K [0x0000000081800000, 0x0000000100000000)
  region size 1024K, 4 young (4096K), 4 survivors (4096K)
 Metaspace       used 81711K, committed 82240K, reserved 1179648K
  class space    used 11262K, committed 11520K, reserved 1048576K
}
Event: 29.813 GC heap before
{Heap before GC invocations=30 (full 0):
 garbage-first heap   total 120832K, used 100951K [0x0000000081800000, 0x0000000100000000)
  region size 1024K, 53 young (54272K), 4 survivors (4096K)
 Metaspace       used 87067K, committed 87680K, reserved 1179648K
  class space    used 12074K, committed 12352K, reserved 1048576K
}

