# JRE version: OpenJDK Runtime Environment Temurin-17.0.7+7 (17.0.7+7) (build 17.0.7+7)
# Java VM: OpenJDK 64-Bit Server VM Temurin-17.0.7+7 (17.0.7+7, mixed mode, emulated-client, tiered, compressed oops, compressed class ptrs, g1 gc, windows-amd64)
GC Precious Log:
 CPUs: 4 total, 4 available
 Memory: 8095M
 Large Page Support: Disabled
 NUMA Support: Disabled
 Compressed Oops: Enabled (32-bit)
 Heap Region Size: 1M
 Heap Min Capacity: 8M
 Heap Initial Capacity: 128M
 Heap Max Capacity: 2024M
 Pre-touch: Disabled
 Parallel Workers: 4
 Concurrent Workers: 1
 Concurrent Refinement Workers: 4
 Periodic GC: Disabled
Heap:
 garbage-first heap   total 45056K, used 30680K [0x0000000081800000, 0x0000000100000000)
  region size 1024K, 18 young (18432K), 3 survivors (3072K)
 Metaspace       used 32806K, committed 33152K, reserved 1114112K
  class space    used 4094K, committed 4288K, reserved 1048576K
GC Heap History (16 events):
Event: 1.943 GC heap before
{Heap before GC invocations=0 (full 0):
 garbage-first heap   total 131072K, used 14336K [0x0000000081800000, 0x0000000100000000)
  region size 1024K, 13 young (13312K), 0 survivors (0K)
 Metaspace       used 11637K, committed 11840K, reserved 1114112K
  class space    used 1172K, committed 1280K, reserved 1048576K
}
Event: 1.954 GC heap after
{Heap after GC invocations=1 (full 0):
 garbage-first heap   total 131072K, used 7135K [0x0000000081800000, 0x0000000100000000)
  region size 1024K, 2 young (2048K), 2 survivors (2048K)
 Metaspace       used 11637K, committed 11840K, reserved 1114112K
  class space    used 1172K, committed 1280K, reserved 1048576K
}
Event: 2.450 GC heap before
{Heap before GC invocations=1 (full 0):
 garbage-first heap   total 131072K, used 15327K [0x0000000081800000, 0x0000000100000000)
  region size 1024K, 10 young (10240K), 2 survivors (2048K)
 Metaspace       used 15294K, committed 15552K, reserved 1114112K
  class space    used 1603K, committed 1728K, reserved 1048576K
}
Event: 2.459 GC heap after
{Heap after GC invocations=2 (full 0):
 garbage-first heap   total 131072K, used 8620K [0x0000000081800000, 0x0000000100000000)
  region size 1024K, 2 young (2048K), 2 survivors (2048K)
 Metaspace       used 15294K, committed 15552K, reserved 1114112K
  class space    used 1603K, committed 1728K, reserved 1048576K
}
Event: 3.116 GC heap before
{Heap before GC invocations=2 (full 0):
 garbage-first heap   total 131072K, used 27052K [0x0000000081800000, 0x0000000100000000)
  region size 1024K, 20 young (20480K), 2 survivors (2048K)
 Metaspace       used 17356K, committed 17600K, reserved 1114112K
  class space    used 1902K, committed 1984K, reserved 1048576K
}
Event: 3.121 GC heap after
{Heap after GC invocations=3 (full 0):
 garbage-first heap   total 131072K, used 9089K [0x0000000081800000, 0x0000000100000000)
  region size 1024K, 2 young (2048K), 2 survivors (2048K)
 Metaspace       used 17356K, committed 17600K, reserved 1114112K
  class space    used 1902K, committed 1984K, reserved 1048576K
}
Event: 4.463 GC heap before
{Heap before GC invocations=3 (full 0):
 garbage-first heap   total 131072K, used 29569K [0x0000000081800000, 0x0000000100000000)
  region size 1024K, 23 young (23552K), 2 survivors (2048K)
 Metaspace       used 21247K, committed 21504K, reserved 1114112K
  class space    used 2528K, committed 2624K, reserved 1048576K
}
Event: 4.471 GC heap after
{Heap after GC invocations=4 (full 0):
 garbage-first heap   total 131072K, used 10494K [0x0000000081800000, 0x0000000100000000)
  region size 1024K, 4 young (4096K), 4 survivors (4096K)
 Metaspace       used 21247K, committed 21504K, reserved 1114112K
  class space    used 2528K, committed 2624K, reserved 1048576K
}
Event: 5.828 GC heap before
{Heap before GC invocations=5 (full 0):
 garbage-first heap   total 45056K, used 35070K [0x0000000081800000, 0x0000000100000000)
  region size 1024K, 29 young (29696K), 4 survivors (4096K)
 Metaspace       used 25353K, committed 25664K, reserved 1114112K
  class space    used 3173K, committed 3328K, reserved 1048576K
}
Event: 5.839 GC heap after
{Heap after GC invocations=6 (full 0):
 garbage-first heap   total 45056K, used 11963K [0x0000000081800000, 0x0000000100000000)
  region size 1024K, 5 young (5120K), 5 survivors (5120K)
 Metaspace       used 25353K, committed 25664K, reserved 1114112K
  class space    used 3173K, committed 3328K, reserved 1048576K
}
Event: 6.630 GC heap before
{Heap before GC invocations=6 (full 0):
 garbage-first heap   total 45056K, used 29371K [0x0000000081800000, 0x0000000100000000)
  region size 1024K, 24 young (24576K), 5 survivors (5120K)
 Metaspace       used 28603K, committed 28928K, reserved 1114112K
  class space    used 3485K, committed 3648K, reserved 1048576K
}
Event: 6.643 GC heap after
{Heap after GC invocations=7 (full 0):
 garbage-first heap   total 45056K, used 13419K [0x0000000081800000, 0x0000000100000000)
  region size 1024K, 3 young (3072K), 3 survivors (3072K)
 Metaspace       used 28603K, committed 28928K, reserved 1114112K
  class space    used 3485K, committed 3648K, reserved 1048576K
}
Event: 7.459 GC heap before
{Heap before GC invocations=7 (full 0):
 garbage-first heap   total 45056K, used 29803K [0x0000000081800000, 0x0000000100000000)
  region size 1024K, 20 young (20480K), 3 survivors (3072K)
 Metaspace       used 31384K, committed 31744K, reserved 1114112K
  class space    used 3870K, committed 4032K, reserved 1048576K
}
Event: 7.470 GC heap after
{Heap after GC invocations=8 (full 0):
 garbage-first heap   total 45056K, used 14824K [0x0000000081800000, 0x0000000100000000)
  region size 1024K, 3 young (3072K), 3 survivors (3072K)
 Metaspace       used 31384K, committed 31744K, reserved 1114112K
  class space    used 3870K, committed 4032K, reserved 1048576K
}
Event: 8.195 GC heap before
{Heap before GC invocations=8 (full 0):
 garbage-first heap   total 45056K, used 32232K [0x0000000081800000, 0x0000000100000000)
  region size 1024K, 20 young (20480K), 3 survivors (3072K)
 Metaspace       used 32311K, committed 32704K, reserved 1114112K
  class space    used 4018K, committed 4224K, reserved 1048576K
}
Event: 8.204 GC heap after
{Heap after GC invocations=9 (full 0):
 garbage-first heap   total 45056K, used 16344K [0x0000000081800000, 0x0000000100000000)
  region size 1024K, 3 young (3072K), 3 survivors (3072K)
 Metaspace       used 32311K, committed 32704K, reserved 1114112K
  class space    used 4018K, committed 4224K, reserved 1048576K
}

