# JRE version: OpenJDK Runtime Environment Temurin-17.0.7+7 (17.0.7+7) (build 17.0.7+7)
# Java VM: OpenJDK 64-Bit Server VM Temurin-17.0.7+7 (17.0.7+7, mixed mode, emulated-client, tiered, compressed oops, compressed class ptrs, g1 gc, windows-amd64)
GC Precious Log:
 CPUs: 4 total, 4 available
 Memory: 8095M
 Large Page Support: Disabled
 NUMA Support: Disabled
 Compressed Oops: Enabled (32-bit)
 Heap Region Size: 1M
 Heap Min Capacity: 8M
 Heap Initial Capacity: 128M
 Heap Max Capacity: 2024M
 Pre-touch: Disabled
 Parallel Workers: 4
 Concurrent Workers: 1
 Concurrent Refinement Workers: 4
 Periodic GC: Disabled
Heap:
 garbage-first heap   total 75776K, used 26115K [0x0000000081800000, 0x0000000100000000)
  region size 1024K, 4 young (4096K), 2 survivors (2048K)
 Metaspace       used 41959K, committed 42432K, reserved 1114112K
  class space    used 5330K, committed 5568K, reserved 1048576K
GC Heap History (20 events):
Event: 5.526 GC heap before
{Heap before GC invocations=2 (full 0):
 garbage-first heap   total 131072K, used 29173K [0x0000000081800000, 0x0000000100000000)
  region size 1024K, 21 young (21504K), 2 survivors (2048K)
 Metaspace       used 17900K, committed 18112K, reserved 1114112K
  class space    used 1967K, committed 2048K, reserved 1048576K
}
Event: 5.531 GC heap after
{Heap after GC invocations=3 (full 0):
 garbage-first heap   total 131072K, used 9294K [0x0000000081800000, 0x0000000100000000)
  region size 1024K, 2 young (2048K), 2 survivors (2048K)
 Metaspace       used 17900K, committed 18112K, reserved 1114112K
  class space    used 1967K, committed 2048K, reserved 1048576K
}
Event: 6.713 GC heap before
{Heap before GC invocations=3 (full 0):
 garbage-first heap   total 131072K, used 27726K [0x0000000081800000, 0x0000000100000000)
  region size 1024K, 21 young (21504K), 2 survivors (2048K)
 Metaspace       used 21297K, committed 21504K, reserved 1114112K
  class space    used 2525K, committed 2624K, reserved 1048576K
}
Event: 6.721 GC heap after
{Heap after GC invocations=4 (full 0):
 garbage-first heap   total 131072K, used 10636K [0x0000000081800000, 0x0000000100000000)
  region size 1024K, 4 young (4096K), 4 survivors (4096K)
 Metaspace       used 21297K, committed 21504K, reserved 1114112K
  class space    used 2525K, committed 2624K, reserved 1048576K
}
Event: 7.454 GC heap before
{Heap before GC invocations=5 (full 0):
 garbage-first heap   total 48128K, used 35212K [0x0000000081800000, 0x0000000100000000)
  region size 1024K, 28 young (28672K), 4 survivors (4096K)
 Metaspace       used 26744K, committed 27072K, reserved 1114112K
  class space    used 3185K, committed 3328K, reserved 1048576K
}
Event: 7.465 GC heap after
{Heap after GC invocations=6 (full 0):
 garbage-first heap   total 48128K, used 11710K [0x0000000081800000, 0x0000000100000000)
  region size 1024K, 4 young (4096K), 4 survivors (4096K)
 Metaspace       used 26744K, committed 27072K, reserved 1114112K
  class space    used 3185K, committed 3328K, reserved 1048576K
}
Event: 7.484 GC heap before
{Heap before GC invocations=6 (full 0):
 garbage-first heap   total 48128K, used 11710K [0x0000000081800000, 0x0000000100000000)
  region size 1024K, 5 young (5120K), 4 survivors (4096K)
 Metaspace       used 26935K, committed 27200K, reserved 1114112K
  class space    used 3216K, committed 3328K, reserved 1048576K
}
Event: 7.492 GC heap after
{Heap after GC invocations=7 (full 0):
 garbage-first heap   total 48128K, used 12177K [0x0000000081800000, 0x0000000100000000)
  region size 1024K, 1 young (1024K), 1 survivors (1024K)
 Metaspace       used 26935K, committed 27200K, reserved 1114112K
  class space    used 3216K, committed 3328K, reserved 1048576K
}
Event: 8.074 GC heap before
{Heap before GC invocations=7 (full 0):
 garbage-first heap   total 48128K, used 31633K [0x0000000081800000, 0x0000000100000000)
  region size 1024K, 21 young (21504K), 1 survivors (1024K)
 Metaspace       used 30157K, committed 30400K, reserved 1114112K
  class space    used 3598K, committed 3712K, reserved 1048576K
}
Event: 8.081 GC heap after
{Heap after GC invocations=8 (full 0):
 garbage-first heap   total 96256K, used 14055K [0x0000000081800000, 0x0000000100000000)
  region size 1024K, 3 young (3072K), 3 survivors (3072K)
 Metaspace       used 30157K, committed 30400K, reserved 1114112K
  class space    used 3598K, committed 3712K, reserved 1048576K
}
Event: 10.637 GC heap before
{Heap before GC invocations=8 (full 0):
 garbage-first heap   total 96256K, used 68327K [0x0000000081800000, 0x0000000100000000)
  region size 1024K, 56 young (57344K), 3 survivors (3072K)
 Metaspace       used 33190K, committed 33536K, reserved 1114112K
  class space    used 4101K, committed 4224K, reserved 1048576K
}
Event: 10.650 GC heap after
{Heap after GC invocations=9 (full 0):
 garbage-first heap   total 96256K, used 17298K [0x0000000081800000, 0x0000000100000000)
  region size 1024K, 6 young (6144K), 6 survivors (6144K)
 Metaspace       used 33190K, committed 33536K, reserved 1114112K
  class space    used 4101K, committed 4224K, reserved 1048576K
}
Event: 11.737 GC heap before
{Heap before GC invocations=9 (full 0):
 garbage-first heap   total 96256K, used 38802K [0x0000000081800000, 0x0000000100000000)
  region size 1024K, 28 young (28672K), 6 survivors (6144K)
 Metaspace       used 35987K, committed 36416K, reserved 1114112K
  class space    used 4528K, committed 4736K, reserved 1048576K
}
Event: 11.752 GC heap after
{Heap after GC invocations=10 (full 0):
 garbage-first heap   total 96256K, used 19048K [0x0000000081800000, 0x0000000100000000)
  region size 1024K, 6 young (6144K), 6 survivors (6144K)
 Metaspace       used 35987K, committed 36416K, reserved 1114112K
  class space    used 4528K, committed 4736K, reserved 1048576K
}
Event: 12.860 GC heap before
{Heap before GC invocations=11 (full 0):
 garbage-first heap   total 75776K, used 62056K [0x0000000081800000, 0x0000000100000000)
  region size 1024K, 43 young (44032K), 6 survivors (6144K)
 Metaspace       used 39628K, committed 40064K, reserved 1114112K
  class space    used 4973K, committed 5184K, reserved 1048576K
}
Event: 12.881 GC heap after
{Heap after GC invocations=12 (full 0):
 garbage-first heap   total 75776K, used 23246K [0x0000000081800000, 0x0000000100000000)
  region size 1024K, 6 young (6144K), 6 survivors (6144K)
 Metaspace       used 39628K, committed 40064K, reserved 1114112K
  class space    used 4973K, committed 5184K, reserved 1048576K
}
Event: 12.933 GC heap before
{Heap before GC invocations=12 (full 0):
 garbage-first heap   total 75776K, used 24270K [0x0000000081800000, 0x0000000100000000)
  region size 1024K, 7 young (7168K), 6 survivors (6144K)
 Metaspace       used 39723K, committed 40192K, reserved 1114112K
  class space    used 4987K, committed 5184K, reserved 1048576K
}
Event: 12.945 GC heap after
{Heap after GC invocations=13 (full 0):
 garbage-first heap   total 75776K, used 24417K [0x0000000081800000, 0x0000000100000000)
  region size 1024K, 1 young (1024K), 1 survivors (1024K)
 Metaspace       used 39723K, committed 40192K, reserved 1114112K
  class space    used 4987K, committed 5184K, reserved 1048576K
}
Event: 13.990 GC heap before
{Heap before GC invocations=13 (full 0):
 garbage-first heap   total 75776K, used 56161K [0x0000000081800000, 0x0000000100000000)
  region size 1024K, 32 young (32768K), 1 survivors (1024K)
 Metaspace       used 41743K, committed 42240K, reserved 1114112K
  class space    used 5293K, committed 5504K, reserved 1048576K
}
Event: 13.997 GC heap after
{Heap after GC invocations=14 (full 0):
 garbage-first heap   total 75776K, used 25091K [0x0000000081800000, 0x0000000100000000)
  region size 1024K, 2 young (2048K), 2 survivors (2048K)
 Metaspace       used 41743K, committed 42240K, reserved 1114112K
  class space    used 5293K, committed 5504K, reserved 1048576K
}

